{"timestamp":"2018-09-20T16:41:37.320","thread":"main","line":"28","log_level":"INFO","class_name":"utils.FileUtls;","msg":"java.io.FileNotFoundException: resources\data\interest.json (系统找不到指定的路径。)
", "caller":"Caller+0	 at utils.FileUtls.readFile(FileUtls.java:28)
"}{"timestamp":"2018-09-20T16:41:37.326","thread":"main","line":"29","log_level":"ERROR","class_name":"utils.FileUtls;","msg":"java.io.FileNotFoundException: resources\data\interest.json (系统找不到指定的路径。)
", "caller":"Caller+0	 at utils.FileUtls.readFile(FileUtls.java:29)
"}{"timestamp":"2018-09-20T16:42:12.161","thread":"main","line":"28","log_level":"INFO","class_name":"utils.FileUtls;","msg":"java.io.FileNotFoundException: resources\data\interest.json (系统找不到指定的路径。)
", "caller":"Caller+0	 at utils.FileUtls.readFile(FileUtls.java:28)
"}{"timestamp":"2018-09-20T16:42:12.166","thread":"main","line":"29","log_level":"ERROR","class_name":"utils.FileUtls;","msg":"java.io.FileNotFoundException: resources\data\interest.json (系统找不到指定的路径。)
", "caller":"Caller+0	 at utils.FileUtls.readFile(FileUtls.java:29)
"}{"timestamp":"2018-09-20T16:42:12.167","thread":"main","line":"16","log_level":"ERROR","class_name":"entity.life.Interest;","msg":"java.io.FileNotFoundException: resources\data\interest.json (系统找不到指定的路径。)
", "caller":"Caller+0	 at entity.life.Interest.getCurrentInterset(Interest.java:16)
"}{"timestamp":"2018-09-20T16:42:12.167","thread":"main","line":"28","log_level":"INFO","class_name":"utils.FileUtls;","msg":"java.io.FileNotFoundException: resources\data\interest.json (系统找不到指定的路径。)
", "caller":"Caller+0	 at utils.FileUtls.readFile(FileUtls.java:28)
"}{"timestamp":"2018-09-20T16:42:12.168","thread":"main","line":"29","log_level":"ERROR","class_name":"utils.FileUtls;","msg":"java.io.FileNotFoundException: resources\data\interest.json (系统找不到指定的路径。)
", "caller":"Caller+0	 at utils.FileUtls.readFile(FileUtls.java:29)
"}{"timestamp":"2018-09-20T16:42:12.168","thread":"main","line":"16","log_level":"ERROR","class_name":"entity.life.Interest;","msg":"java.io.FileNotFoundException: resources\data\interest.json (系统找不到指定的路径。)
", "caller":"Caller+0	 at entity.life.Interest.getCurrentInterset(Interest.java:16)
"}{"timestamp":"2018-09-20T16:42:12.168","thread":"main","line":"28","log_level":"INFO","class_name":"utils.FileUtls;","msg":"java.io.FileNotFoundException: resources\data\interest.json (系统找不到指定的路径。)
", "caller":"Caller+0	 at utils.FileUtls.readFile(FileUtls.java:28)
"}{"timestamp":"2018-09-20T16:42:12.168","thread":"main","line":"29","log_level":"ERROR","class_name":"utils.FileUtls;","msg":"java.io.FileNotFoundException: resources\data\interest.json (系统找不到指定的路径。)
", "caller":"Caller+0	 at utils.FileUtls.readFile(FileUtls.java:29)
"}{"timestamp":"2018-09-20T16:42:12.169","thread":"main","line":"16","log_level":"ERROR","class_name":"entity.life.Interest;","msg":"java.io.FileNotFoundException: resources\data\interest.json (系统找不到指定的路径。)
", "caller":"Caller+0	 at entity.life.Interest.getCurrentInterset(Interest.java:16)
"}{"timestamp":"2018-09-20T16:42:12.169","thread":"main","line":"28","log_level":"INFO","class_name":"utils.FileUtls;","msg":"java.io.FileNotFoundException: resources\data\interest.json (系统找不到指定的路径。)
", "caller":"Caller+0	 at utils.FileUtls.readFile(FileUtls.java:28)
"}{"timestamp":"2018-09-20T16:42:12.169","thread":"main","line":"29","log_level":"ERROR","class_name":"utils.FileUtls;","msg":"java.io.FileNotFoundException: resources\data\interest.json (系统找不到指定的路径。)
", "caller":"Caller+0	 at utils.FileUtls.readFile(FileUtls.java:29)
"}{"timestamp":"2018-09-20T16:42:12.169","thread":"main","line":"16","log_level":"ERROR","class_name":"entity.life.Interest;","msg":"java.io.FileNotFoundException: resources\data\interest.json (系统找不到指定的路径。)
", "caller":"Caller+0	 at entity.life.Interest.getCurrentInterset(Interest.java:16)
"}{"timestamp":"2018-09-20T16:42:12.170","thread":"main","line":"28","log_level":"INFO","class_name":"utils.FileUtls;","msg":"java.io.FileNotFoundException: resources\data\interest.json (系统找不到指定的路径。)
", "caller":"Caller+0	 at utils.FileUtls.readFile(FileUtls.java:28)
"}{"timestamp":"2018-09-20T16:42:12.170","thread":"main","line":"29","log_level":"ERROR","class_name":"utils.FileUtls;","msg":"java.io.FileNotFoundException: resources\data\interest.json (系统找不到指定的路径。)
", "caller":"Caller+0	 at utils.FileUtls.readFile(FileUtls.java:29)
"}{"timestamp":"2018-09-20T16:42:12.170","thread":"main","line":"16","log_level":"ERROR","class_name":"entity.life.Interest;","msg":"java.io.FileNotFoundException: resources\data\interest.json (系统找不到指定的路径。)
", "caller":"Caller+0	 at entity.life.Interest.getCurrentInterset(Interest.java:16)
"}{"timestamp":"2018-09-20T16:42:12.170","thread":"main","line":"28","log_level":"INFO","class_name":"utils.FileUtls;","msg":"java.io.FileNotFoundException: resources\data\interest.json (系统找不到指定的路径。)
", "caller":"Caller+0	 at utils.FileUtls.readFile(FileUtls.java:28)
"}{"timestamp":"2018-09-20T16:42:12.171","thread":"main","line":"29","log_level":"ERROR","class_name":"utils.FileUtls;","msg":"java.io.FileNotFoundException: resources\data\interest.json (系统找不到指定的路径。)
", "caller":"Caller+0	 at utils.FileUtls.readFile(FileUtls.java:29)
"}{"timestamp":"2018-09-20T16:42:12.171","thread":"main","line":"16","log_level":"ERROR","class_name":"entity.life.Interest;","msg":"java.io.FileNotFoundException: resources\data\interest.json (系统找不到指定的路径。)
", "caller":"Caller+0	 at entity.life.Interest.getCurrentInterset(Interest.java:16)
"}{"timestamp":"2018-09-20T16:42:12.171","thread":"main","line":"28","log_level":"INFO","class_name":"utils.FileUtls;","msg":"java.io.FileNotFoundException: resources\data\interest.json (系统找不到指定的路径。)
", "caller":"Caller+0	 at utils.FileUtls.readFile(FileUtls.java:28)
"}{"timestamp":"2018-09-20T16:42:12.171","thread":"main","line":"29","log_level":"ERROR","class_name":"utils.FileUtls;","msg":"java.io.FileNotFoundException: resources\data\interest.json (系统找不到指定的路径。)
", "caller":"Caller+0	 at utils.FileUtls.readFile(FileUtls.java:29)
"}{"timestamp":"2018-09-20T16:42:12.171","thread":"main","line":"16","log_level":"ERROR","class_name":"entity.life.Interest;","msg":"java.io.FileNotFoundException: resources\data\interest.json (系统找不到指定的路径。)
", "caller":"Caller+0	 at entity.life.Interest.getCurrentInterset(Interest.java:16)
"}{"timestamp":"2018-09-20T16:42:13.717","thread":"main","line":"16","log_level":"ERROR","class_name":"entity.life.Interest;","msg":"java.io.FileNotFoundException: resources\data\interest.json (系统找不到指定的路径。)
", "caller":"Caller+0	 at entity.life.Interest.getCurrentInterset(Interest.java:16)
"}{"timestamp":"2018-09-20T16:42:13.743","thread":"main","line":"28","log_level":"INFO","class_name":"utils.FileUtls;","msg":"java.io.FileNotFoundException: resources\data\interest.json (系统找不到指定的路径。)
", "caller":"Caller+0	 at utils.FileUtls.readFile(FileUtls.java:28)
"}{"timestamp":"2018-09-20T16:42:13.744","thread":"main","line":"29","log_level":"ERROR","class_name":"utils.FileUtls;","msg":"java.io.FileNotFoundException: resources\data\interest.json (系统找不到指定的路径。)
", "caller":"Caller+0	 at utils.FileUtls.readFile(FileUtls.java:29)
"}{"timestamp":"2018-09-20T16:42:13.744","thread":"main","line":"16","log_level":"ERROR","class_name":"entity.life.Interest;","msg":"java.io.FileNotFoundException: resources\data\interest.json (系统找不到指定的路径。)
", "caller":"Caller+0	 at entity.life.Interest.getCurrentInterset(Interest.java:16)
"}{"timestamp":"2018-09-20T16:42:13.744","thread":"main","line":"28","log_level":"INFO","class_name":"utils.FileUtls;","msg":"java.io.FileNotFoundException: resources\data\interest.json (系统找不到指定的路径。)
", "caller":"Caller+0	 at utils.FileUtls.readFile(FileUtls.java:28)
"}{"timestamp":"2018-09-20T16:42:13.744","thread":"main","line":"29","log_level":"ERROR","class_name":"utils.FileUtls;","msg":"java.io.FileNotFoundException: resources\data\interest.json (系统找不到指定的路径。)
", "caller":"Caller+0	 at utils.FileUtls.readFile(FileUtls.java:29)
"}{"timestamp":"2018-09-20T16:42:13.744","thread":"main","line":"16","log_level":"ERROR","class_name":"entity.life.Interest;","msg":"java.io.FileNotFoundException: resources\data\interest.json (系统找不到指定的路径。)
", "caller":"Caller+0	 at entity.life.Interest.getCurrentInterset(Interest.java:16)
"}{"timestamp":"2018-09-20T16:42:13.745","thread":"main","line":"28","log_level":"INFO","class_name":"utils.FileUtls;","msg":"java.io.FileNotFoundException: resources\data\interest.json (系统找不到指定的路径。)
", "caller":"Caller+0	 at utils.FileUtls.readFile(FileUtls.java:28)
"}{"timestamp":"2018-09-20T16:42:13.745","thread":"main","line":"29","log_level":"ERROR","class_name":"utils.FileUtls;","msg":"java.io.FileNotFoundException: resources\data\interest.json (系统找不到指定的路径。)
", "caller":"Caller+0	 at utils.FileUtls.readFile(FileUtls.java:29)
"}{"timestamp":"2018-09-20T16:42:13.745","thread":"main","line":"16","log_level":"ERROR","class_name":"entity.life.Interest;","msg":"java.io.FileNotFoundException: resources\data\interest.json (系统找不到指定的路径。)
", "caller":"Caller+0	 at entity.life.Interest.getCurrentInterset(Interest.java:16)
"}{"timestamp":"2018-09-20T16:42:13.745","thread":"main","line":"28","log_level":"INFO","class_name":"utils.FileUtls;","msg":"java.io.FileNotFoundException: resources\data\interest.json (系统找不到指定的路径。)
", "caller":"Caller+0	 at utils.FileUtls.readFile(FileUtls.java:28)
"}{"timestamp":"2018-09-20T16:42:13.745","thread":"main","line":"29","log_level":"ERROR","class_name":"utils.FileUtls;","msg":"java.io.FileNotFoundException: resources\data\interest.json (系统找不到指定的路径。)
", "caller":"Caller+0	 at utils.FileUtls.readFile(FileUtls.java:29)
"}{"timestamp":"2018-09-20T16:42:13.745","thread":"main","line":"16","log_level":"ERROR","class_name":"entity.life.Interest;","msg":"java.io.FileNotFoundException: resources\data\interest.json (系统找不到指定的路径。)
", "caller":"Caller+0	 at entity.life.Interest.getCurrentInterset(Interest.java:16)
"}{"timestamp":"2018-09-20T16:42:13.745","thread":"main","line":"28","log_level":"INFO","class_name":"utils.FileUtls;","msg":"java.io.FileNotFoundException: resources\data\interest.json (系统找不到指定的路径。)
", "caller":"Caller+0	 at utils.FileUtls.readFile(FileUtls.java:28)
"}{"timestamp":"2018-09-20T16:42:13.746","thread":"main","line":"29","log_level":"ERROR","class_name":"utils.FileUtls;","msg":"java.io.FileNotFoundException: resources\data\interest.json (系统找不到指定的路径。)
", "caller":"Caller+0	 at utils.FileUtls.readFile(FileUtls.java:29)
"}{"timestamp":"2018-09-20T16:42:13.746","thread":"main","line":"16","log_level":"ERROR","class_name":"entity.life.Interest;","msg":"java.io.FileNotFoundException: resources\data\interest.json (系统找不到指定的路径。)
", "caller":"Caller+0	 at entity.life.Interest.getCurrentInterset(Interest.java:16)
"}{"timestamp":"2018-09-20T16:42:13.746","thread":"main","line":"28","log_level":"INFO","class_name":"utils.FileUtls;","msg":"java.io.FileNotFoundException: resources\data\interest.json (系统找不到指定的路径。)
", "caller":"Caller+0	 at utils.FileUtls.readFile(FileUtls.java:28)
"}{"timestamp":"2018-09-20T16:42:13.746","thread":"main","line":"29","log_level":"ERROR","class_name":"utils.FileUtls;","msg":"java.io.FileNotFoundException: resources\data\interest.json (系统找不到指定的路径。)
", "caller":"Caller+0	 at utils.FileUtls.readFile(FileUtls.java:29)
"}{"timestamp":"2018-09-20T16:42:13.746","thread":"main","line":"16","log_level":"ERROR","class_name":"entity.life.Interest;","msg":"java.io.FileNotFoundException: resources\data\interest.json (系统找不到指定的路径。)
", "caller":"Caller+0	 at entity.life.Interest.getCurrentInterset(Interest.java:16)
"}{"timestamp":"2018-09-20T17:23:25.613","thread":"main","line":"28","log_level":"INFO","class_name":"utils.FileUtls;","msg":"java.io.FileNotFoundException: \resources\data\interest.json (系统找不到指定的路径。)
", "caller":"Caller+0	 at utils.FileUtls.readFile(FileUtls.java:28)
"}{"timestamp":"2018-09-20T17:23:25.634","thread":"main","line":"29","log_level":"ERROR","class_name":"utils.FileUtls;","msg":"java.io.FileNotFoundException: \resources\data\interest.json (系统找不到指定的路径。)
", "caller":"Caller+0	 at utils.FileUtls.readFile(FileUtls.java:29)
"}{"timestamp":"2018-09-20T17:23:41.491","thread":"main","line":"16","log_level":"ERROR","class_name":"entity.life.Interest;","msg":"java.io.FileNotFoundException: \resources\data\interest.json (系统找不到指定的路径。)
", "caller":"Caller+0	 at entity.life.Interest.getCurrentInterset(Interest.java:16)
"}{"timestamp":"2018-09-20T17:24:27.619","thread":"main","line":"28","log_level":"INFO","class_name":"utils.FileUtls;","msg":"java.io.FileNotFoundException: \resources\data\interest.json (系统找不到指定的路径。)
", "caller":"Caller+0	 at utils.FileUtls.readFile(FileUtls.java:28)
"}{"timestamp":"2018-09-20T17:24:27.620","thread":"main","line":"29","log_level":"ERROR","class_name":"utils.FileUtls;","msg":"java.io.FileNotFoundException: \resources\data\interest.json (系统找不到指定的路径。)
", "caller":"Caller+0	 at utils.FileUtls.readFile(FileUtls.java:29)
"}{"timestamp":"2018-09-20T17:24:27.620","thread":"main","line":"16","log_level":"ERROR","class_name":"entity.life.Interest;","msg":"java.io.FileNotFoundException: \resources\data\interest.json (系统找不到指定的路径。)
", "caller":"Caller+0	 at entity.life.Interest.getCurrentInterset(Interest.java:16)
"}{"timestamp":"2018-09-20T17:24:27.621","thread":"main","line":"28","log_level":"INFO","class_name":"utils.FileUtls;","msg":"java.io.FileNotFoundException: \resources\data\interest.json (系统找不到指定的路径。)
", "caller":"Caller+0	 at utils.FileUtls.readFile(FileUtls.java:28)
"}{"timestamp":"2018-09-20T17:24:27.621","thread":"main","line":"29","log_level":"ERROR","class_name":"utils.FileUtls;","msg":"java.io.FileNotFoundException: \resources\data\interest.json (系统找不到指定的路径。)
", "caller":"Caller+0	 at utils.FileUtls.readFile(FileUtls.java:29)
"}{"timestamp":"2018-09-20T17:24:27.621","thread":"main","line":"16","log_level":"ERROR","class_name":"entity.life.Interest;","msg":"java.io.FileNotFoundException: \resources\data\interest.json (系统找不到指定的路径。)
", "caller":"Caller+0	 at entity.life.Interest.getCurrentInterset(Interest.java:16)
"}{"timestamp":"2018-09-20T17:24:27.621","thread":"main","line":"28","log_level":"INFO","class_name":"utils.FileUtls;","msg":"java.io.FileNotFoundException: \resources\data\interest.json (系统找不到指定的路径。)
", "caller":"Caller+0	 at utils.FileUtls.readFile(FileUtls.java:28)
"}{"timestamp":"2018-09-20T17:24:27.621","thread":"main","line":"29","log_level":"ERROR","class_name":"utils.FileUtls;","msg":"java.io.FileNotFoundException: \resources\data\interest.json (系统找不到指定的路径。)
", "caller":"Caller+0	 at utils.FileUtls.readFile(FileUtls.java:29)
"}{"timestamp":"2018-09-20T17:24:27.621","thread":"main","line":"16","log_level":"ERROR","class_name":"entity.life.Interest;","msg":"java.io.FileNotFoundException: \resources\data\interest.json (系统找不到指定的路径。)
", "caller":"Caller+0	 at entity.life.Interest.getCurrentInterset(Interest.java:16)
"}{"timestamp":"2018-09-20T17:24:27.622","thread":"main","line":"28","log_level":"INFO","class_name":"utils.FileUtls;","msg":"java.io.FileNotFoundException: \resources\data\interest.json (系统找不到指定的路径。)
", "caller":"Caller+0	 at utils.FileUtls.readFile(FileUtls.java:28)
"}{"timestamp":"2018-09-20T17:24:27.622","thread":"main","line":"29","log_level":"ERROR","class_name":"utils.FileUtls;","msg":"java.io.FileNotFoundException: \resources\data\interest.json (系统找不到指定的路径。)
", "caller":"Caller+0	 at utils.FileUtls.readFile(FileUtls.java:29)
"}{"timestamp":"2018-09-20T17:24:27.622","thread":"main","line":"16","log_level":"ERROR","class_name":"entity.life.Interest;","msg":"java.io.FileNotFoundException: \resources\data\interest.json (系统找不到指定的路径。)
", "caller":"Caller+0	 at entity.life.Interest.getCurrentInterset(Interest.java:16)
"}{"timestamp":"2018-09-20T17:24:27.622","thread":"main","line":"28","log_level":"INFO","class_name":"utils.FileUtls;","msg":"java.io.FileNotFoundException: \resources\data\interest.json (系统找不到指定的路径。)
", "caller":"Caller+0	 at utils.FileUtls.readFile(FileUtls.java:28)
"}{"timestamp":"2018-09-20T17:24:27.622","thread":"main","line":"29","log_level":"ERROR","class_name":"utils.FileUtls;","msg":"java.io.FileNotFoundException: \resources\data\interest.json (系统找不到指定的路径。)
", "caller":"Caller+0	 at utils.FileUtls.readFile(FileUtls.java:29)
"}{"timestamp":"2018-09-20T17:24:27.622","thread":"main","line":"16","log_level":"ERROR","class_name":"entity.life.Interest;","msg":"java.io.FileNotFoundException: \resources\data\interest.json (系统找不到指定的路径。)
", "caller":"Caller+0	 at entity.life.Interest.getCurrentInterset(Interest.java:16)
"}{"timestamp":"2018-09-20T17:24:27.623","thread":"main","line":"28","log_level":"INFO","class_name":"utils.FileUtls;","msg":"java.io.FileNotFoundException: \resources\data\interest.json (系统找不到指定的路径。)
", "caller":"Caller+0	 at utils.FileUtls.readFile(FileUtls.java:28)
"}{"timestamp":"2018-09-20T17:24:27.623","thread":"main","line":"29","log_level":"ERROR","class_name":"utils.FileUtls;","msg":"java.io.FileNotFoundException: \resources\data\interest.json (系统找不到指定的路径。)
", "caller":"Caller+0	 at utils.FileUtls.readFile(FileUtls.java:29)
"}{"timestamp":"2018-09-20T17:24:27.623","thread":"main","line":"16","log_level":"ERROR","class_name":"entity.life.Interest;","msg":"java.io.FileNotFoundException: \resources\data\interest.json (系统找不到指定的路径。)
", "caller":"Caller+0	 at entity.life.Interest.getCurrentInterset(Interest.java:16)
"}{"timestamp":"2018-09-20T17:25:19.098","thread":"main","line":"28","log_level":"INFO","class_name":"utils.FileUtls;","msg":"java.io.FileNotFoundException: \resources\data\interest.json (系统找不到指定的路径。)
", "caller":"Caller+0	 at utils.FileUtls.readFile(FileUtls.java:28)
"}{"timestamp":"2018-09-20T17:25:59.995","thread":"main","line":"29","log_level":"ERROR","class_name":"utils.FileUtls;","msg":"java.io.FileNotFoundException: \resources\data\interest.json (系统找不到指定的路径。)
", "caller":"Caller+0	 at utils.FileUtls.readFile(FileUtls.java:29)
"}{"timestamp":"2018-09-20T17:25:59.996","thread":"main","line":"16","log_level":"ERROR","class_name":"entity.life.Interest;","msg":"java.io.FileNotFoundException: \resources\data\interest.json (系统找不到指定的路径。)
", "caller":"Caller+0	 at entity.life.Interest.getCurrentInterset(Interest.java:16)
"}{"timestamp":"2018-09-20T17:25:59.997","thread":"main","line":"28","log_level":"INFO","class_name":"utils.FileUtls;","msg":"java.io.FileNotFoundException: \resources\data\interest.json (系统找不到指定的路径。)
", "caller":"Caller+0	 at utils.FileUtls.readFile(FileUtls.java:28)
"}{"timestamp":"2018-09-20T17:25:59.997","thread":"main","line":"29","log_level":"ERROR","class_name":"utils.FileUtls;","msg":"java.io.FileNotFoundException: \resources\data\interest.json (系统找不到指定的路径。)
", "caller":"Caller+0	 at utils.FileUtls.readFile(FileUtls.java:29)
"}{"timestamp":"2018-09-20T17:25:59.997","thread":"main","line":"16","log_level":"ERROR","class_name":"entity.life.Interest;","msg":"java.io.FileNotFoundException: \resources\data\interest.json (系统找不到指定的路径。)
", "caller":"Caller+0	 at entity.life.Interest.getCurrentInterset(Interest.java:16)
"}{"timestamp":"2018-09-20T17:25:59.997","thread":"main","line":"28","log_level":"INFO","class_name":"utils.FileUtls;","msg":"java.io.FileNotFoundException: \resources\data\interest.json (系统找不到指定的路径。)
", "caller":"Caller+0	 at utils.FileUtls.readFile(FileUtls.java:28)
"}{"timestamp":"2018-09-20T17:25:59.997","thread":"main","line":"29","log_level":"ERROR","class_name":"utils.FileUtls;","msg":"java.io.FileNotFoundException: \resources\data\interest.json (系统找不到指定的路径。)
", "caller":"Caller+0	 at utils.FileUtls.readFile(FileUtls.java:29)
"}{"timestamp":"2018-09-20T17:25:59.997","thread":"main","line":"16","log_level":"ERROR","class_name":"entity.life.Interest;","msg":"java.io.FileNotFoundException: \resources\data\interest.json (系统找不到指定的路径。)
", "caller":"Caller+0	 at entity.life.Interest.getCurrentInterset(Interest.java:16)
"}{"timestamp":"2018-09-20T17:25:59.998","thread":"main","line":"28","log_level":"INFO","class_name":"utils.FileUtls;","msg":"java.io.FileNotFoundException: \resources\data\interest.json (系统找不到指定的路径。)
", "caller":"Caller+0	 at utils.FileUtls.readFile(FileUtls.java:28)
"}{"timestamp":"2018-09-20T17:25:59.998","thread":"main","line":"29","log_level":"ERROR","class_name":"utils.FileUtls;","msg":"java.io.FileNotFoundException: \resources\data\interest.json (系统找不到指定的路径。)
", "caller":"Caller+0	 at utils.FileUtls.readFile(FileUtls.java:29)
"}{"timestamp":"2018-09-20T17:25:59.998","thread":"main","line":"16","log_level":"ERROR","class_name":"entity.life.Interest;","msg":"java.io.FileNotFoundException: \resources\data\interest.json (系统找不到指定的路径。)
", "caller":"Caller+0	 at entity.life.Interest.getCurrentInterset(Interest.java:16)
"}{"timestamp":"2018-09-20T17:25:59.998","thread":"main","line":"28","log_level":"INFO","class_name":"utils.FileUtls;","msg":"java.io.FileNotFoundException: \resources\data\interest.json (系统找不到指定的路径。)
", "caller":"Caller+0	 at utils.FileUtls.readFile(FileUtls.java:28)
"}{"timestamp":"2018-09-20T17:25:59.999","thread":"main","line":"29","log_level":"ERROR","class_name":"utils.FileUtls;","msg":"java.io.FileNotFoundException: \resources\data\interest.json (系统找不到指定的路径。)
", "caller":"Caller+0	 at utils.FileUtls.readFile(FileUtls.java:29)
"}{"timestamp":"2018-09-20T17:26:00.000","thread":"main","line":"16","log_level":"ERROR","class_name":"entity.life.Interest;","msg":"java.io.FileNotFoundException: \resources\data\interest.json (系统找不到指定的路径。)
", "caller":"Caller+0	 at entity.life.Interest.getCurrentInterset(Interest.java:16)
"}{"timestamp":"2018-09-20T17:26:00.000","thread":"main","line":"28","log_level":"INFO","class_name":"utils.FileUtls;","msg":"java.io.FileNotFoundException: \resources\data\interest.json (系统找不到指定的路径。)
", "caller":"Caller+0	 at utils.FileUtls.readFile(FileUtls.java:28)
"}{"timestamp":"2018-09-20T17:26:00.000","thread":"main","line":"29","log_level":"ERROR","class_name":"utils.FileUtls;","msg":"java.io.FileNotFoundException: \resources\data\interest.json (系统找不到指定的路径。)
", "caller":"Caller+0	 at utils.FileUtls.readFile(FileUtls.java:29)
"}{"timestamp":"2018-09-20T17:26:00.000","thread":"main","line":"16","log_level":"ERROR","class_name":"entity.life.Interest;","msg":"java.io.FileNotFoundException: \resources\data\interest.json (系统找不到指定的路径。)
", "caller":"Caller+0	 at entity.life.Interest.getCurrentInterset(Interest.java:16)
"}{"timestamp":"2018-09-20T17:26:00.001","thread":"main","line":"28","log_level":"INFO","class_name":"utils.FileUtls;","msg":"java.io.FileNotFoundException: \resources\data\interest.json (系统找不到指定的路径。)
", "caller":"Caller+0	 at utils.FileUtls.readFile(FileUtls.java:28)
"}{"timestamp":"2018-09-20T17:26:00.001","thread":"main","line":"29","log_level":"ERROR","class_name":"utils.FileUtls;","msg":"java.io.FileNotFoundException: \resources\data\interest.json (系统找不到指定的路径。)
", "caller":"Caller+0	 at utils.FileUtls.readFile(FileUtls.java:29)
"}{"timestamp":"2018-09-20T17:26:00.001","thread":"main","line":"16","log_level":"ERROR","class_name":"entity.life.Interest;","msg":"java.io.FileNotFoundException: \resources\data\interest.json (系统找不到指定的路径。)
", "caller":"Caller+0	 at entity.life.Interest.getCurrentInterset(Interest.java:16)
"}{"timestamp":"2018-09-20T17:29:37.807","thread":"main","line":"28","log_level":"INFO","class_name":"utils.FileUtls;","msg":"java.io.FileNotFoundException: ..\..\resources\data\interest.json (系统找不到指定的路径。)
", "caller":"Caller+0	 at utils.FileUtls.readFile(FileUtls.java:28)
"}{"timestamp":"2018-09-20T17:29:37.810","thread":"main","line":"29","log_level":"ERROR","class_name":"utils.FileUtls;","msg":"java.io.FileNotFoundException: ..\..\resources\data\interest.json (系统找不到指定的路径。)
", "caller":"Caller+0	 at utils.FileUtls.readFile(FileUtls.java:29)
"}{"timestamp":"2018-09-20T17:29:37.811","thread":"main","line":"16","log_level":"ERROR","class_name":"entity.life.Interest;","msg":"java.io.FileNotFoundException: ..\..\resources\data\interest.json (系统找不到指定的路径。)
", "caller":"Caller+0	 at entity.life.Interest.getCurrentInterset(Interest.java:16)
"}{"timestamp":"2018-09-20T17:29:37.811","thread":"main","line":"28","log_level":"INFO","class_name":"utils.FileUtls;","msg":"java.io.FileNotFoundException: ..\..\resources\data\interest.json (系统找不到指定的路径。)
", "caller":"Caller+0	 at utils.FileUtls.readFile(FileUtls.java:28)
"}{"timestamp":"2018-09-20T17:29:37.811","thread":"main","line":"29","log_level":"ERROR","class_name":"utils.FileUtls;","msg":"java.io.FileNotFoundException: ..\..\resources\data\interest.json (系统找不到指定的路径。)
", "caller":"Caller+0	 at utils.FileUtls.readFile(FileUtls.java:29)
"}{"timestamp":"2018-09-20T17:29:37.811","thread":"main","line":"16","log_level":"ERROR","class_name":"entity.life.Interest;","msg":"java.io.FileNotFoundException: ..\..\resources\data\interest.json (系统找不到指定的路径。)
", "caller":"Caller+0	 at entity.life.Interest.getCurrentInterset(Interest.java:16)
"}{"timestamp":"2018-09-20T17:29:37.812","thread":"main","line":"28","log_level":"INFO","class_name":"utils.FileUtls;","msg":"java.io.FileNotFoundException: ..\..\resources\data\interest.json (系统找不到指定的路径。)
", "caller":"Caller+0	 at utils.FileUtls.readFile(FileUtls.java:28)
"}{"timestamp":"2018-09-20T17:29:37.812","thread":"main","line":"29","log_level":"ERROR","class_name":"utils.FileUtls;","msg":"java.io.FileNotFoundException: ..\..\resources\data\interest.json (系统找不到指定的路径。)
", "caller":"Caller+0	 at utils.FileUtls.readFile(FileUtls.java:29)
"}{"timestamp":"2018-09-20T17:29:37.812","thread":"main","line":"16","log_level":"ERROR","class_name":"entity.life.Interest;","msg":"java.io.FileNotFoundException: ..\..\resources\data\interest.json (系统找不到指定的路径。)
", "caller":"Caller+0	 at entity.life.Interest.getCurrentInterset(Interest.java:16)
"}{"timestamp":"2018-09-20T17:29:37.812","thread":"main","line":"28","log_level":"INFO","class_name":"utils.FileUtls;","msg":"java.io.FileNotFoundException: ..\..\resources\data\interest.json (系统找不到指定的路径。)
", "caller":"Caller+0	 at utils.FileUtls.readFile(FileUtls.java:28)
"}{"timestamp":"2018-09-20T17:29:37.812","thread":"main","line":"29","log_level":"ERROR","class_name":"utils.FileUtls;","msg":"java.io.FileNotFoundException: ..\..\resources\data\interest.json (系统找不到指定的路径。)
", "caller":"Caller+0	 at utils.FileUtls.readFile(FileUtls.java:29)
"}{"timestamp":"2018-09-20T17:29:37.812","thread":"main","line":"16","log_level":"ERROR","class_name":"entity.life.Interest;","msg":"java.io.FileNotFoundException: ..\..\resources\data\interest.json (系统找不到指定的路径。)
", "caller":"Caller+0	 at entity.life.Interest.getCurrentInterset(Interest.java:16)
"}{"timestamp":"2018-09-20T17:30:30.179","thread":"main","line":"28","log_level":"INFO","class_name":"utils.FileUtls;","msg":"java.io.FileNotFoundException: E:\GitHub\java\demo\src\main\resources\data\resources\data\interest.json (系统找不到指定的路径。)
", "caller":"Caller+0	 at utils.FileUtls.readFile(FileUtls.java:28)
"}{"timestamp":"2018-09-20T17:30:30.182","thread":"main","line":"29","log_level":"ERROR","class_name":"utils.FileUtls;","msg":"java.io.FileNotFoundException: E:\GitHub\java\demo\src\main\resources\data\resources\data\interest.json (系统找不到指定的路径。)
", "caller":"Caller+0	 at utils.FileUtls.readFile(FileUtls.java:29)
"}{"timestamp":"2018-09-20T17:30:30.182","thread":"main","line":"16","log_level":"ERROR","class_name":"entity.life.Interest;","msg":"java.io.FileNotFoundException: E:\GitHub\java\demo\src\main\resources\data\resources\data\interest.json (系统找不到指定的路径。)
", "caller":"Caller+0	 at entity.life.Interest.getCurrentInterset(Interest.java:16)
"}{"timestamp":"2018-09-20T17:30:30.183","thread":"main","line":"28","log_level":"INFO","class_name":"utils.FileUtls;","msg":"java.io.FileNotFoundException: E:\GitHub\java\demo\src\main\resources\data\resources\data\interest.json (系统找不到指定的路径。)
", "caller":"Caller+0	 at utils.FileUtls.readFile(FileUtls.java:28)
"}{"timestamp":"2018-09-20T17:30:30.183","thread":"main","line":"29","log_level":"ERROR","class_name":"utils.FileUtls;","msg":"java.io.FileNotFoundException: E:\GitHub\java\demo\src\main\resources\data\resources\data\interest.json (系统找不到指定的路径。)
", "caller":"Caller+0	 at utils.FileUtls.readFile(FileUtls.java:29)
"}{"timestamp":"2018-09-20T17:30:30.183","thread":"main","line":"16","log_level":"ERROR","class_name":"entity.life.Interest;","msg":"java.io.FileNotFoundException: E:\GitHub\java\demo\src\main\resources\data\resources\data\interest.json (系统找不到指定的路径。)
", "caller":"Caller+0	 at entity.life.Interest.getCurrentInterset(Interest.java:16)
"}{"timestamp":"2018-09-20T17:30:30.183","thread":"main","line":"28","log_level":"INFO","class_name":"utils.FileUtls;","msg":"java.io.FileNotFoundException: E:\GitHub\java\demo\src\main\resources\data\resources\data\interest.json (系统找不到指定的路径。)
", "caller":"Caller+0	 at utils.FileUtls.readFile(FileUtls.java:28)
"}{"timestamp":"2018-09-20T17:30:30.183","thread":"main","line":"29","log_level":"ERROR","class_name":"utils.FileUtls;","msg":"java.io.FileNotFoundException: E:\GitHub\java\demo\src\main\resources\data\resources\data\interest.json (系统找不到指定的路径。)
", "caller":"Caller+0	 at utils.FileUtls.readFile(FileUtls.java:29)
"}{"timestamp":"2018-09-20T17:30:30.183","thread":"main","line":"16","log_level":"ERROR","class_name":"entity.life.Interest;","msg":"java.io.FileNotFoundException: E:\GitHub\java\demo\src\main\resources\data\resources\data\interest.json (系统找不到指定的路径。)
", "caller":"Caller+0	 at entity.life.Interest.getCurrentInterset(Interest.java:16)
"}{"timestamp":"2018-09-20T17:30:30.183","thread":"main","line":"28","log_level":"INFO","class_name":"utils.FileUtls;","msg":"java.io.FileNotFoundException: E:\GitHub\java\demo\src\main\resources\data\resources\data\interest.json (系统找不到指定的路径。)
", "caller":"Caller+0	 at utils.FileUtls.readFile(FileUtls.java:28)
"}{"timestamp":"2018-09-20T17:30:30.184","thread":"main","line":"29","log_level":"ERROR","class_name":"utils.FileUtls;","msg":"java.io.FileNotFoundException: E:\GitHub\java\demo\src\main\resources\data\resources\data\interest.json (系统找不到指定的路径。)
", "caller":"Caller+0	 at utils.FileUtls.readFile(FileUtls.java:29)
"}{"timestamp":"2018-09-20T17:30:30.184","thread":"main","line":"16","log_level":"ERROR","class_name":"entity.life.Interest;","msg":"java.io.FileNotFoundException: E:\GitHub\java\demo\src\main\resources\data\resources\data\interest.json (系统找不到指定的路径。)
", "caller":"Caller+0	 at entity.life.Interest.getCurrentInterset(Interest.java:16)
"}{"timestamp":"2018-09-20T17:30:30.184","thread":"main","line":"28","log_level":"INFO","class_name":"utils.FileUtls;","msg":"java.io.FileNotFoundException: E:\GitHub\java\demo\src\main\resources\data\resources\data\interest.json (系统找不到指定的路径。)
", "caller":"Caller+0	 at utils.FileUtls.readFile(FileUtls.java:28)
"}{"timestamp":"2018-09-20T17:30:30.186","thread":"main","line":"29","log_level":"ERROR","class_name":"utils.FileUtls;","msg":"java.io.FileNotFoundException: E:\GitHub\java\demo\src\main\resources\data\resources\data\interest.json (系统找不到指定的路径。)
", "caller":"Caller+0	 at utils.FileUtls.readFile(FileUtls.java:29)
"}{"timestamp":"2018-09-20T17:30:30.186","thread":"main","line":"16","log_level":"ERROR","class_name":"entity.life.Interest;","msg":"java.io.FileNotFoundException: E:\GitHub\java\demo\src\main\resources\data\resources\data\interest.json (系统找不到指定的路径。)
", "caller":"Caller+0	 at entity.life.Interest.getCurrentInterset(Interest.java:16)
"}{"timestamp":"2018-09-20T17:30:30.186","thread":"main","line":"28","log_level":"INFO","class_name":"utils.FileUtls;","msg":"java.io.FileNotFoundException: E:\GitHub\java\demo\src\main\resources\data\resources\data\interest.json (系统找不到指定的路径。)
", "caller":"Caller+0	 at utils.FileUtls.readFile(FileUtls.java:28)
"}{"timestamp":"2018-09-20T17:30:30.186","thread":"main","line":"29","log_level":"ERROR","class_name":"utils.FileUtls;","msg":"java.io.FileNotFoundException: E:\GitHub\java\demo\src\main\resources\data\resources\data\interest.json (系统找不到指定的路径。)
", "caller":"Caller+0	 at utils.FileUtls.readFile(FileUtls.java:29)
"}{"timestamp":"2018-09-20T17:30:30.186","thread":"main","line":"16","log_level":"ERROR","class_name":"entity.life.Interest;","msg":"java.io.FileNotFoundException: E:\GitHub\java\demo\src\main\resources\data\resources\data\interest.json (系统找不到指定的路径。)
", "caller":"Caller+0	 at entity.life.Interest.getCurrentInterset(Interest.java:16)
"}{"timestamp":"2018-09-20T17:30:30.186","thread":"main","line":"28","log_level":"INFO","class_name":"utils.FileUtls;","msg":"java.io.FileNotFoundException: E:\GitHub\java\demo\src\main\resources\data\resources\data\interest.json (系统找不到指定的路径。)
", "caller":"Caller+0	 at utils.FileUtls.readFile(FileUtls.java:28)
"}{"timestamp":"2018-09-20T17:30:30.186","thread":"main","line":"29","log_level":"ERROR","class_name":"utils.FileUtls;","msg":"java.io.FileNotFoundException: E:\GitHub\java\demo\src\main\resources\data\resources\data\interest.json (系统找不到指定的路径。)
", "caller":"Caller+0	 at utils.FileUtls.readFile(FileUtls.java:29)
"}{"timestamp":"2018-09-20T17:30:30.186","thread":"main","line":"16","log_level":"ERROR","class_name":"entity.life.Interest;","msg":"java.io.FileNotFoundException: E:\GitHub\java\demo\src\main\resources\data\resources\data\interest.json (系统找不到指定的路径。)
", "caller":"Caller+0	 at entity.life.Interest.getCurrentInterset(Interest.java:16)
"}{"timestamp":"2018-09-20T17:31:54.149","thread":"main","line":"28","log_level":"INFO","class_name":"utils.FileUtls;","msg":"java.io.FileNotFoundException: E:\GitHub\java\demo\src\main\resources\data\resources\data\interest.json (系统找不到指定的路径。)
", "caller":"Caller+0	 at utils.FileUtls.readFile(FileUtls.java:28)
"}{"timestamp":"2018-09-20T17:31:54.152","thread":"main","line":"29","log_level":"ERROR","class_name":"utils.FileUtls;","msg":"java.io.FileNotFoundException: E:\GitHub\java\demo\src\main\resources\data\resources\data\interest.json (系统找不到指定的路径。)
", "caller":"Caller+0	 at utils.FileUtls.readFile(FileUtls.java:29)
"}{"timestamp":"2018-09-20T17:31:54.152","thread":"main","line":"16","log_level":"ERROR","class_name":"entity.life.Interest;","msg":"java.io.FileNotFoundException: E:\GitHub\java\demo\src\main\resources\data\resources\data\interest.json (系统找不到指定的路径。)
", "caller":"Caller+0	 at entity.life.Interest.getCurrentInterset(Interest.java:16)
"}{"timestamp":"2018-09-20T17:32:31.298","thread":"main","line":"28","log_level":"INFO","class_name":"utils.FileUtls;","msg":"com.fasterxml.jackson.databind.exc.MismatchedInputException: Cannot deserialize instance of `entity.life.Interest` out of START_ARRAY token
 at [Source: (File); line: 1, column: 1]
", "caller":"Caller+0	 at utils.FileUtls.readFile(FileUtls.java:28)
"}{"timestamp":"2018-09-20T17:32:32.875","thread":"main","line":"29","log_level":"ERROR","class_name":"utils.FileUtls;","msg":"com.fasterxml.jackson.databind.exc.MismatchedInputException: Cannot deserialize instance of `entity.life.Interest` out of START_ARRAY token
 at [Source: (File); line: 1, column: 1]
", "caller":"Caller+0	 at utils.FileUtls.readFile(FileUtls.java:29)
"}{"timestamp":"2018-09-20T17:32:35.029","thread":"main","line":"16","log_level":"ERROR","class_name":"entity.life.Interest;","msg":"com.fasterxml.jackson.databind.exc.MismatchedInputException: Cannot deserialize instance of `entity.life.Interest` out of START_ARRAY token
 at [Source: (File); line: 1, column: 1]
", "caller":"Caller+0	 at entity.life.Interest.getCurrentInterset(Interest.java:16)
"}{"timestamp":"2018-09-20T17:32:36.683","thread":"main","line":"28","log_level":"INFO","class_name":"utils.FileUtls;","msg":"com.fasterxml.jackson.databind.exc.MismatchedInputException: Cannot deserialize instance of `entity.life.Interest` out of START_ARRAY token
 at [Source: (File); line: 1, column: 1]
", "caller":"Caller+0	 at utils.FileUtls.readFile(FileUtls.java:28)
"}{"timestamp":"2018-09-20T17:32:36.684","thread":"main","line":"29","log_level":"ERROR","class_name":"utils.FileUtls;","msg":"com.fasterxml.jackson.databind.exc.MismatchedInputException: Cannot deserialize instance of `entity.life.Interest` out of START_ARRAY token
 at [Source: (File); line: 1, column: 1]
", "caller":"Caller+0	 at utils.FileUtls.readFile(FileUtls.java:29)
"}{"timestamp":"2018-09-20T17:32:36.684","thread":"main","line":"16","log_level":"ERROR","class_name":"entity.life.Interest;","msg":"com.fasterxml.jackson.databind.exc.MismatchedInputException: Cannot deserialize instance of `entity.life.Interest` out of START_ARRAY token
 at [Source: (File); line: 1, column: 1]
", "caller":"Caller+0	 at entity.life.Interest.getCurrentInterset(Interest.java:16)
"}{"timestamp":"2018-09-20T17:32:37.396","thread":"main","line":"28","log_level":"INFO","class_name":"utils.FileUtls;","msg":"com.fasterxml.jackson.databind.exc.MismatchedInputException: Cannot deserialize instance of `entity.life.Interest` out of START_ARRAY token
 at [Source: (File); line: 1, column: 1]
", "caller":"Caller+0	 at utils.FileUtls.readFile(FileUtls.java:28)
"}{"timestamp":"2018-09-20T17:32:37.396","thread":"main","line":"29","log_level":"ERROR","class_name":"utils.FileUtls;","msg":"com.fasterxml.jackson.databind.exc.MismatchedInputException: Cannot deserialize instance of `entity.life.Interest` out of START_ARRAY token
 at [Source: (File); line: 1, column: 1]
", "caller":"Caller+0	 at utils.FileUtls.readFile(FileUtls.java:29)
"}{"timestamp":"2018-09-20T17:32:37.396","thread":"main","line":"16","log_level":"ERROR","class_name":"entity.life.Interest;","msg":"com.fasterxml.jackson.databind.exc.MismatchedInputException: Cannot deserialize instance of `entity.life.Interest` out of START_ARRAY token
 at [Source: (File); line: 1, column: 1]
", "caller":"Caller+0	 at entity.life.Interest.getCurrentInterset(Interest.java:16)
"}{"timestamp":"2018-09-20T17:32:38.948","thread":"main","line":"28","log_level":"INFO","class_name":"utils.FileUtls;","msg":"com.fasterxml.jackson.databind.exc.MismatchedInputException: Cannot deserialize instance of `entity.life.Interest` out of START_ARRAY token
 at [Source: (File); line: 1, column: 1]
", "caller":"Caller+0	 at utils.FileUtls.readFile(FileUtls.java:28)
"}{"timestamp":"2018-09-20T17:32:38.948","thread":"main","line":"29","log_level":"ERROR","class_name":"utils.FileUtls;","msg":"com.fasterxml.jackson.databind.exc.MismatchedInputException: Cannot deserialize instance of `entity.life.Interest` out of START_ARRAY token
 at [Source: (File); line: 1, column: 1]
", "caller":"Caller+0	 at utils.FileUtls.readFile(FileUtls.java:29)
"}{"timestamp":"2018-09-20T17:32:38.948","thread":"main","line":"16","log_level":"ERROR","class_name":"entity.life.Interest;","msg":"com.fasterxml.jackson.databind.exc.MismatchedInputException: Cannot deserialize instance of `entity.life.Interest` out of START_ARRAY token
 at [Source: (File); line: 1, column: 1]
", "caller":"Caller+0	 at entity.life.Interest.getCurrentInterset(Interest.java:16)
"}{"timestamp":"2018-09-20T17:32:38.949","thread":"main","line":"28","log_level":"INFO","class_name":"utils.FileUtls;","msg":"com.fasterxml.jackson.databind.exc.MismatchedInputException: Cannot deserialize instance of `entity.life.Interest` out of START_ARRAY token
 at [Source: (File); line: 1, column: 1]
", "caller":"Caller+0	 at utils.FileUtls.readFile(FileUtls.java:28)
"}{"timestamp":"2018-09-20T17:32:38.950","thread":"main","line":"29","log_level":"ERROR","class_name":"utils.FileUtls;","msg":"com.fasterxml.jackson.databind.exc.MismatchedInputException: Cannot deserialize instance of `entity.life.Interest` out of START_ARRAY token
 at [Source: (File); line: 1, column: 1]
", "caller":"Caller+0	 at utils.FileUtls.readFile(FileUtls.java:29)
"}{"timestamp":"2018-09-20T17:32:38.950","thread":"main","line":"16","log_level":"ERROR","class_name":"entity.life.Interest;","msg":"com.fasterxml.jackson.databind.exc.MismatchedInputException: Cannot deserialize instance of `entity.life.Interest` out of START_ARRAY token
 at [Source: (File); line: 1, column: 1]
", "caller":"Caller+0	 at entity.life.Interest.getCurrentInterset(Interest.java:16)
"}{"timestamp":"2018-09-20T17:32:38.951","thread":"main","line":"28","log_level":"INFO","class_name":"utils.FileUtls;","msg":"com.fasterxml.jackson.databind.exc.MismatchedInputException: Cannot deserialize instance of `entity.life.Interest` out of START_ARRAY token
 at [Source: (File); line: 1, column: 1]
", "caller":"Caller+0	 at utils.FileUtls.readFile(FileUtls.java:28)
"}{"timestamp":"2018-09-20T17:32:38.952","thread":"main","line":"29","log_level":"ERROR","class_name":"utils.FileUtls;","msg":"com.fasterxml.jackson.databind.exc.MismatchedInputException: Cannot deserialize instance of `entity.life.Interest` out of START_ARRAY token
 at [Source: (File); line: 1, column: 1]
", "caller":"Caller+0	 at utils.FileUtls.readFile(FileUtls.java:29)
"}{"timestamp":"2018-09-20T17:32:38.952","thread":"main","line":"16","log_level":"ERROR","class_name":"entity.life.Interest;","msg":"com.fasterxml.jackson.databind.exc.MismatchedInputException: Cannot deserialize instance of `entity.life.Interest` out of START_ARRAY token
 at [Source: (File); line: 1, column: 1]
", "caller":"Caller+0	 at entity.life.Interest.getCurrentInterset(Interest.java:16)
"}{"timestamp":"2018-09-20T17:32:38.952","thread":"main","line":"28","log_level":"INFO","class_name":"utils.FileUtls;","msg":"com.fasterxml.jackson.databind.exc.MismatchedInputException: Cannot deserialize instance of `entity.life.Interest` out of START_ARRAY token
 at [Source: (File); line: 1, column: 1]
", "caller":"Caller+0	 at utils.FileUtls.readFile(FileUtls.java:28)
"}{"timestamp":"2018-09-20T17:32:38.953","thread":"main","line":"29","log_level":"ERROR","class_name":"utils.FileUtls;","msg":"com.fasterxml.jackson.databind.exc.MismatchedInputException: Cannot deserialize instance of `entity.life.Interest` out of START_ARRAY token
 at [Source: (File); line: 1, column: 1]
", "caller":"Caller+0	 at utils.FileUtls.readFile(FileUtls.java:29)
"}{"timestamp":"2018-09-20T17:32:38.953","thread":"main","line":"16","log_level":"ERROR","class_name":"entity.life.Interest;","msg":"com.fasterxml.jackson.databind.exc.MismatchedInputException: Cannot deserialize instance of `entity.life.Interest` out of START_ARRAY token
 at [Source: (File); line: 1, column: 1]
", "caller":"Caller+0	 at entity.life.Interest.getCurrentInterset(Interest.java:16)
"}{"timestamp":"2018-09-20T17:39:01.814","thread":"main","line":"28","log_level":"INFO","class_name":"utils.FileUtls;","msg":"java.io.FileNotFoundException: E:\GitHub\java\demoresources\data\interest.json (系统找不到指定的路径。)
", "caller":"Caller+0	 at utils.FileUtls.readFile(FileUtls.java:28)
"}{"timestamp":"2018-09-20T17:39:01.818","thread":"main","line":"29","log_level":"ERROR","class_name":"utils.FileUtls;","msg":"java.io.FileNotFoundException: E:\GitHub\java\demoresources\data\interest.json (系统找不到指定的路径。)
", "caller":"Caller+0	 at utils.FileUtls.readFile(FileUtls.java:29)
"}{"timestamp":"2018-09-20T17:39:01.818","thread":"main","line":"18","log_level":"ERROR","class_name":"entity.life.Interest;","msg":"java.io.FileNotFoundException: E:\GitHub\java\demoresources\data\interest.json (系统找不到指定的路径。)
", "caller":"Caller+0	 at entity.life.Interest.getCurrentInterset(Interest.java:18)
"}{"timestamp":"2018-09-20T17:39:01.818","thread":"main","line":"28","log_level":"INFO","class_name":"utils.FileUtls;","msg":"java.io.FileNotFoundException: E:\GitHub\java\demoresources\data\interest.json (系统找不到指定的路径。)
", "caller":"Caller+0	 at utils.FileUtls.readFile(FileUtls.java:28)
"}{"timestamp":"2018-09-20T17:39:01.818","thread":"main","line":"29","log_level":"ERROR","class_name":"utils.FileUtls;","msg":"java.io.FileNotFoundException: E:\GitHub\java\demoresources\data\interest.json (系统找不到指定的路径。)
", "caller":"Caller+0	 at utils.FileUtls.readFile(FileUtls.java:29)
"}{"timestamp":"2018-09-20T17:39:01.819","thread":"main","line":"18","log_level":"ERROR","class_name":"entity.life.Interest;","msg":"java.io.FileNotFoundException: E:\GitHub\java\demoresources\data\interest.json (系统找不到指定的路径。)
", "caller":"Caller+0	 at entity.life.Interest.getCurrentInterset(Interest.java:18)
"}{"timestamp":"2018-09-20T17:39:01.819","thread":"main","line":"28","log_level":"INFO","class_name":"utils.FileUtls;","msg":"java.io.FileNotFoundException: E:\GitHub\java\demoresources\data\interest.json (系统找不到指定的路径。)
", "caller":"Caller+0	 at utils.FileUtls.readFile(FileUtls.java:28)
"}{"timestamp":"2018-09-20T17:39:01.819","thread":"main","line":"29","log_level":"ERROR","class_name":"utils.FileUtls;","msg":"java.io.FileNotFoundException: E:\GitHub\java\demoresources\data\interest.json (系统找不到指定的路径。)
", "caller":"Caller+0	 at utils.FileUtls.readFile(FileUtls.java:29)
"}{"timestamp":"2018-09-20T17:39:01.819","thread":"main","line":"18","log_level":"ERROR","class_name":"entity.life.Interest;","msg":"java.io.FileNotFoundException: E:\GitHub\java\demoresources\data\interest.json (系统找不到指定的路径。)
", "caller":"Caller+0	 at entity.life.Interest.getCurrentInterset(Interest.java:18)
"}{"timestamp":"2018-09-20T17:39:01.819","thread":"main","line":"28","log_level":"INFO","class_name":"utils.FileUtls;","msg":"java.io.FileNotFoundException: E:\GitHub\java\demoresources\data\interest.json (系统找不到指定的路径。)
", "caller":"Caller+0	 at utils.FileUtls.readFile(FileUtls.java:28)
"}{"timestamp":"2018-09-20T17:39:01.820","thread":"main","line":"29","log_level":"ERROR","class_name":"utils.FileUtls;","msg":"java.io.FileNotFoundException: E:\GitHub\java\demoresources\data\interest.json (系统找不到指定的路径。)
", "caller":"Caller+0	 at utils.FileUtls.readFile(FileUtls.java:29)
"}{"timestamp":"2018-09-20T17:43:16.213","thread":"main","line":"28","log_level":"INFO","class_name":"utils.FileUtls;","msg":"com.fasterxml.jackson.databind.exc.MismatchedInputException: Cannot deserialize instance of `entity.life.Interest` out of START_ARRAY token
 at [Source: (File); line: 1, column: 1]
", "caller":"Caller+0	 at utils.FileUtls.readFile(FileUtls.java:28)
"}{"timestamp":"2018-09-20T17:43:16.215","thread":"main","line":"29","log_level":"ERROR","class_name":"utils.FileUtls;","msg":"com.fasterxml.jackson.databind.exc.MismatchedInputException: Cannot deserialize instance of `entity.life.Interest` out of START_ARRAY token
 at [Source: (File); line: 1, column: 1]
", "caller":"Caller+0	 at utils.FileUtls.readFile(FileUtls.java:29)
"}{"timestamp":"2018-09-20T17:43:16.215","thread":"main","line":"18","log_level":"ERROR","class_name":"entity.life.Interest;","msg":"com.fasterxml.jackson.databind.exc.MismatchedInputException: Cannot deserialize instance of `entity.life.Interest` out of START_ARRAY token
 at [Source: (File); line: 1, column: 1]
", "caller":"Caller+0	 at entity.life.Interest.getCurrentInterset(Interest.java:18)
"}{"timestamp":"2018-09-20T17:43:16.216","thread":"main","line":"28","log_level":"INFO","class_name":"utils.FileUtls;","msg":"com.fasterxml.jackson.databind.exc.MismatchedInputException: Cannot deserialize instance of `entity.life.Interest` out of START_ARRAY token
 at [Source: (File); line: 1, column: 1]
", "caller":"Caller+0	 at utils.FileUtls.readFile(FileUtls.java:28)
"}{"timestamp":"2018-09-20T17:43:16.216","thread":"main","line":"29","log_level":"ERROR","class_name":"utils.FileUtls;","msg":"com.fasterxml.jackson.databind.exc.MismatchedInputException: Cannot deserialize instance of `entity.life.Interest` out of START_ARRAY token
 at [Source: (File); line: 1, column: 1]
", "caller":"Caller+0	 at utils.FileUtls.readFile(FileUtls.java:29)
"}{"timestamp":"2018-09-20T17:43:16.216","thread":"main","line":"18","log_level":"ERROR","class_name":"entity.life.Interest;","msg":"com.fasterxml.jackson.databind.exc.MismatchedInputException: Cannot deserialize instance of `entity.life.Interest` out of START_ARRAY token
 at [Source: (File); line: 1, column: 1]
", "caller":"Caller+0	 at entity.life.Interest.getCurrentInterset(Interest.java:18)
"}{"timestamp":"2018-09-20T17:43:16.217","thread":"main","line":"28","log_level":"INFO","class_name":"utils.FileUtls;","msg":"com.fasterxml.jackson.databind.exc.MismatchedInputException: Cannot deserialize instance of `entity.life.Interest` out of START_ARRAY token
 at [Source: (File); line: 1, column: 1]
", "caller":"Caller+0	 at utils.FileUtls.readFile(FileUtls.java:28)
"}{"timestamp":"2018-09-20T17:43:16.217","thread":"main","line":"29","log_level":"ERROR","class_name":"utils.FileUtls;","msg":"com.fasterxml.jackson.databind.exc.MismatchedInputException: Cannot deserialize instance of `entity.life.Interest` out of START_ARRAY token
 at [Source: (File); line: 1, column: 1]
", "caller":"Caller+0	 at utils.FileUtls.readFile(FileUtls.java:29)
"}{"timestamp":"2018-09-20T17:43:16.217","thread":"main","line":"18","log_level":"ERROR","class_name":"entity.life.Interest;","msg":"com.fasterxml.jackson.databind.exc.MismatchedInputException: Cannot deserialize instance of `entity.life.Interest` out of START_ARRAY token
 at [Source: (File); line: 1, column: 1]
", "caller":"Caller+0	 at entity.life.Interest.getCurrentInterset(Interest.java:18)
"}{"timestamp":"2018-09-20T17:43:16.218","thread":"main","line":"28","log_level":"INFO","class_name":"utils.FileUtls;","msg":"com.fasterxml.jackson.databind.exc.MismatchedInputException: Cannot deserialize instance of `entity.life.Interest` out of START_ARRAY token
 at [Source: (File); line: 1, column: 1]
", "caller":"Caller+0	 at utils.FileUtls.readFile(FileUtls.java:28)
"}{"timestamp":"2018-09-20T17:43:16.218","thread":"main","line":"29","log_level":"ERROR","class_name":"utils.FileUtls;","msg":"com.fasterxml.jackson.databind.exc.MismatchedInputException: Cannot deserialize instance of `entity.life.Interest` out of START_ARRAY token
 at [Source: (File); line: 1, column: 1]
", "caller":"Caller+0	 at utils.FileUtls.readFile(FileUtls.java:29)
"}{"timestamp":"2018-09-20T17:43:16.218","thread":"main","line":"18","log_level":"ERROR","class_name":"entity.life.Interest;","msg":"com.fasterxml.jackson.databind.exc.MismatchedInputException: Cannot deserialize instance of `entity.life.Interest` out of START_ARRAY token
 at [Source: (File); line: 1, column: 1]
", "caller":"Caller+0	 at entity.life.Interest.getCurrentInterset(Interest.java:18)
"}{"timestamp":"2018-09-20T17:43:16.220","thread":"main","line":"28","log_level":"INFO","class_name":"utils.FileUtls;","msg":"com.fasterxml.jackson.databind.exc.MismatchedInputException: Cannot deserialize instance of `entity.life.Interest` out of START_ARRAY token
 at [Source: (File); line: 1, column: 1]
", "caller":"Caller+0	 at utils.FileUtls.readFile(FileUtls.java:28)
"}{"timestamp":"2018-09-20T17:44:47.242","thread":"main","line":"29","log_level":"INFO","class_name":"utils.FileUtls;","msg":"com.fasterxml.jackson.databind.exc.MismatchedInputException: Cannot deserialize instance of `entity.life.Interest` out of START_ARRAY token
 at [Source: (File); line: 1, column: 1]
", "caller":"Caller+0	 at utils.FileUtls.readFile(FileUtls.java:29)
"}{"timestamp":"2018-09-20T17:44:47.244","thread":"main","line":"30","log_level":"ERROR","class_name":"utils.FileUtls;","msg":"com.fasterxml.jackson.databind.exc.MismatchedInputException: Cannot deserialize instance of `entity.life.Interest` out of START_ARRAY token
 at [Source: (File); line: 1, column: 1]
", "caller":"Caller+0	 at utils.FileUtls.readFile(FileUtls.java:30)
"}{"timestamp":"2018-09-20T17:44:47.244","thread":"main","line":"18","log_level":"ERROR","class_name":"entity.life.Interest;","msg":"com.fasterxml.jackson.databind.exc.MismatchedInputException: Cannot deserialize instance of `entity.life.Interest` out of START_ARRAY token
 at [Source: (File); line: 1, column: 1]
", "caller":"Caller+0	 at entity.life.Interest.getCurrentInterset(Interest.java:18)
"}{"timestamp":"2018-09-20T17:44:50.987","thread":"main","line":"29","log_level":"INFO","class_name":"utils.FileUtls;","msg":"com.fasterxml.jackson.databind.exc.MismatchedInputException: Cannot deserialize instance of `entity.life.Interest` out of START_ARRAY token
 at [Source: (File); line: 1, column: 1]
", "caller":"Caller+0	 at utils.FileUtls.readFile(FileUtls.java:29)
"}{"timestamp":"2018-09-20T17:45:09.466","thread":"main","line":"30","log_level":"ERROR","class_name":"utils.FileUtls;","msg":"com.fasterxml.jackson.databind.exc.MismatchedInputException: Cannot deserialize instance of `entity.life.Interest` out of START_ARRAY token
 at [Source: (File); line: 1, column: 1]
", "caller":"Caller+0	 at utils.FileUtls.readFile(FileUtls.java:30)
"}{"timestamp":"2018-09-20T17:45:09.467","thread":"main","line":"18","log_level":"ERROR","class_name":"entity.life.Interest;","msg":"com.fasterxml.jackson.databind.exc.MismatchedInputException: Cannot deserialize instance of `entity.life.Interest` out of START_ARRAY token
 at [Source: (File); line: 1, column: 1]
", "caller":"Caller+0	 at entity.life.Interest.getCurrentInterset(Interest.java:18)
"}{"timestamp":"2018-09-20T17:45:09.469","thread":"main","line":"29","log_level":"INFO","class_name":"utils.FileUtls;","msg":"com.fasterxml.jackson.databind.exc.MismatchedInputException: Cannot deserialize instance of `entity.life.Interest` out of START_ARRAY token
 at [Source: (File); line: 1, column: 1]
", "caller":"Caller+0	 at utils.FileUtls.readFile(FileUtls.java:29)
"}{"timestamp":"2018-09-20T17:45:09.469","thread":"main","line":"30","log_level":"ERROR","class_name":"utils.FileUtls;","msg":"com.fasterxml.jackson.databind.exc.MismatchedInputException: Cannot deserialize instance of `entity.life.Interest` out of START_ARRAY token
 at [Source: (File); line: 1, column: 1]
", "caller":"Caller+0	 at utils.FileUtls.readFile(FileUtls.java:30)
"}{"timestamp":"2018-09-20T17:45:09.469","thread":"main","line":"18","log_level":"ERROR","class_name":"entity.life.Interest;","msg":"com.fasterxml.jackson.databind.exc.MismatchedInputException: Cannot deserialize instance of `entity.life.Interest` out of START_ARRAY token
 at [Source: (File); line: 1, column: 1]
", "caller":"Caller+0	 at entity.life.Interest.getCurrentInterset(Interest.java:18)
"}{"timestamp":"2018-09-20T17:45:09.470","thread":"main","line":"29","log_level":"INFO","class_name":"utils.FileUtls;","msg":"com.fasterxml.jackson.databind.exc.MismatchedInputException: Cannot deserialize instance of `entity.life.Interest` out of START_ARRAY token
 at [Source: (File); line: 1, column: 1]
", "caller":"Caller+0	 at utils.FileUtls.readFile(FileUtls.java:29)
"}{"timestamp":"2018-09-20T17:45:09.470","thread":"main","line":"30","log_level":"ERROR","class_name":"utils.FileUtls;","msg":"com.fasterxml.jackson.databind.exc.MismatchedInputException: Cannot deserialize instance of `entity.life.Interest` out of START_ARRAY token
 at [Source: (File); line: 1, column: 1]
", "caller":"Caller+0	 at utils.FileUtls.readFile(FileUtls.java:30)
"}{"timestamp":"2018-09-20T17:45:09.471","thread":"main","line":"18","log_level":"ERROR","class_name":"entity.life.Interest;","msg":"com.fasterxml.jackson.databind.exc.MismatchedInputException: Cannot deserialize instance of `entity.life.Interest` out of START_ARRAY token
 at [Source: (File); line: 1, column: 1]
", "caller":"Caller+0	 at entity.life.Interest.getCurrentInterset(Interest.java:18)
"}{"timestamp":"2018-09-20T17:45:09.472","thread":"main","line":"29","log_level":"INFO","class_name":"utils.FileUtls;","msg":"com.fasterxml.jackson.databind.exc.MismatchedInputException: Cannot deserialize instance of `entity.life.Interest` out of START_ARRAY token
 at [Source: (File); line: 1, column: 1]
", "caller":"Caller+0	 at utils.FileUtls.readFile(FileUtls.java:29)
"}{"timestamp":"2018-09-20T17:45:09.472","thread":"main","line":"30","log_level":"ERROR","class_name":"utils.FileUtls;","msg":"com.fasterxml.jackson.databind.exc.MismatchedInputException: Cannot deserialize instance of `entity.life.Interest` out of START_ARRAY token
 at [Source: (File); line: 1, column: 1]
", "caller":"Caller+0	 at utils.FileUtls.readFile(FileUtls.java:30)
"}{"timestamp":"2018-09-20T17:45:09.472","thread":"main","line":"18","log_level":"ERROR","class_name":"entity.life.Interest;","msg":"com.fasterxml.jackson.databind.exc.MismatchedInputException: Cannot deserialize instance of `entity.life.Interest` out of START_ARRAY token
 at [Source: (File); line: 1, column: 1]
", "caller":"Caller+0	 at entity.life.Interest.getCurrentInterset(Interest.java:18)
"}{"timestamp":"2018-09-20T17:45:09.473","thread":"main","line":"29","log_level":"INFO","class_name":"utils.FileUtls;","msg":"com.fasterxml.jackson.databind.exc.MismatchedInputException: Cannot deserialize instance of `entity.life.Interest` out of START_ARRAY token
 at [Source: (File); line: 1, column: 1]
", "caller":"Caller+0	 at utils.FileUtls.readFile(FileUtls.java:29)
"}{"timestamp":"2018-09-20T17:45:09.473","thread":"main","line":"30","log_level":"ERROR","class_name":"utils.FileUtls;","msg":"com.fasterxml.jackson.databind.exc.MismatchedInputException: Cannot deserialize instance of `entity.life.Interest` out of START_ARRAY token
 at [Source: (File); line: 1, column: 1]
", "caller":"Caller+0	 at utils.FileUtls.readFile(FileUtls.java:30)
"}{"timestamp":"2018-09-20T17:45:09.473","thread":"main","line":"18","log_level":"ERROR","class_name":"entity.life.Interest;","msg":"com.fasterxml.jackson.databind.exc.MismatchedInputException: Cannot deserialize instance of `entity.life.Interest` out of START_ARRAY token
 at [Source: (File); line: 1, column: 1]
", "caller":"Caller+0	 at entity.life.Interest.getCurrentInterset(Interest.java:18)
"}{"timestamp":"2018-09-20T17:45:09.474","thread":"main","line":"29","log_level":"INFO","class_name":"utils.FileUtls;","msg":"com.fasterxml.jackson.databind.exc.MismatchedInputException: Cannot deserialize instance of `entity.life.Interest` out of START_ARRAY token
 at [Source: (File); line: 1, column: 1]
", "caller":"Caller+0	 at utils.FileUtls.readFile(FileUtls.java:29)
"}{"timestamp":"2018-09-20T17:45:09.474","thread":"main","line":"30","log_level":"ERROR","class_name":"utils.FileUtls;","msg":"com.fasterxml.jackson.databind.exc.MismatchedInputException: Cannot deserialize instance of `entity.life.Interest` out of START_ARRAY token
 at [Source: (File); line: 1, column: 1]
", "caller":"Caller+0	 at utils.FileUtls.readFile(FileUtls.java:30)
"}{"timestamp":"2018-09-20T17:45:09.474","thread":"main","line":"18","log_level":"ERROR","class_name":"entity.life.Interest;","msg":"com.fasterxml.jackson.databind.exc.MismatchedInputException: Cannot deserialize instance of `entity.life.Interest` out of START_ARRAY token
 at [Source: (File); line: 1, column: 1]
", "caller":"Caller+0	 at entity.life.Interest.getCurrentInterset(Interest.java:18)
"}{"timestamp":"2018-09-20T17:46:11.520","thread":"main","line":"28","log_level":"INFO","class_name":"utils.FileUtls;","msg":"com.fasterxml.jackson.databind.exc.MismatchedInputException: Cannot deserialize instance of `entity.life.Interest` out of START_ARRAY token
 at [Source: (File); line: 1, column: 1]
", "caller":"Caller+0	 at utils.FileUtls.readFile(FileUtls.java:28)
"}{"timestamp":"2018-09-20T17:46:11.522","thread":"main","line":"29","log_level":"ERROR","class_name":"utils.FileUtls;","msg":"com.fasterxml.jackson.databind.exc.MismatchedInputException: Cannot deserialize instance of `entity.life.Interest` out of START_ARRAY token
 at [Source: (File); line: 1, column: 1]
", "caller":"Caller+0	 at utils.FileUtls.readFile(FileUtls.java:29)
"}{"timestamp":"2018-09-20T17:46:11.523","thread":"main","line":"18","log_level":"ERROR","class_name":"entity.life.Interest;","msg":"com.fasterxml.jackson.databind.exc.MismatchedInputException: Cannot deserialize instance of `entity.life.Interest` out of START_ARRAY token
 at [Source: (File); line: 1, column: 1]
", "caller":"Caller+0	 at entity.life.Interest.getCurrentInterset(Interest.java:18)
"}{"timestamp":"2018-09-20T17:46:11.524","thread":"main","line":"28","log_level":"INFO","class_name":"utils.FileUtls;","msg":"com.fasterxml.jackson.databind.exc.MismatchedInputException: Cannot deserialize instance of `entity.life.Interest` out of START_ARRAY token
 at [Source: (File); line: 1, column: 1]
", "caller":"Caller+0	 at utils.FileUtls.readFile(FileUtls.java:28)
"}{"timestamp":"2018-09-20T17:46:11.524","thread":"main","line":"29","log_level":"ERROR","class_name":"utils.FileUtls;","msg":"com.fasterxml.jackson.databind.exc.MismatchedInputException: Cannot deserialize instance of `entity.life.Interest` out of START_ARRAY token
 at [Source: (File); line: 1, column: 1]
", "caller":"Caller+0	 at utils.FileUtls.readFile(FileUtls.java:29)
"}{"timestamp":"2018-09-20T17:46:11.524","thread":"main","line":"18","log_level":"ERROR","class_name":"entity.life.Interest;","msg":"com.fasterxml.jackson.databind.exc.MismatchedInputException: Cannot deserialize instance of `entity.life.Interest` out of START_ARRAY token
 at [Source: (File); line: 1, column: 1]
", "caller":"Caller+0	 at entity.life.Interest.getCurrentInterset(Interest.java:18)
"}{"timestamp":"2018-09-20T17:46:11.525","thread":"main","line":"28","log_level":"INFO","class_name":"utils.FileUtls;","msg":"com.fasterxml.jackson.databind.exc.MismatchedInputException: Cannot deserialize instance of `entity.life.Interest` out of START_ARRAY token
 at [Source: (File); line: 1, column: 1]
", "caller":"Caller+0	 at utils.FileUtls.readFile(FileUtls.java:28)
"}{"timestamp":"2018-09-20T17:46:11.525","thread":"main","line":"29","log_level":"ERROR","class_name":"utils.FileUtls;","msg":"com.fasterxml.jackson.databind.exc.MismatchedInputException: Cannot deserialize instance of `entity.life.Interest` out of START_ARRAY token
 at [Source: (File); line: 1, column: 1]
", "caller":"Caller+0	 at utils.FileUtls.readFile(FileUtls.java:29)
"}{"timestamp":"2018-09-20T17:46:11.525","thread":"main","line":"18","log_level":"ERROR","class_name":"entity.life.Interest;","msg":"com.fasterxml.jackson.databind.exc.MismatchedInputException: Cannot deserialize instance of `entity.life.Interest` out of START_ARRAY token
 at [Source: (File); line: 1, column: 1]
", "caller":"Caller+0	 at entity.life.Interest.getCurrentInterset(Interest.java:18)
"}{"timestamp":"2018-09-20T17:46:11.526","thread":"main","line":"28","log_level":"INFO","class_name":"utils.FileUtls;","msg":"com.fasterxml.jackson.databind.exc.MismatchedInputException: Cannot deserialize instance of `entity.life.Interest` out of START_ARRAY token
 at [Source: (File); line: 1, column: 1]
", "caller":"Caller+0	 at utils.FileUtls.readFile(FileUtls.java:28)
"}{"timestamp":"2018-09-20T17:46:11.526","thread":"main","line":"29","log_level":"ERROR","class_name":"utils.FileUtls;","msg":"com.fasterxml.jackson.databind.exc.MismatchedInputException: Cannot deserialize instance of `entity.life.Interest` out of START_ARRAY token
 at [Source: (File); line: 1, column: 1]
", "caller":"Caller+0	 at utils.FileUtls.readFile(FileUtls.java:29)
"}{"timestamp":"2018-09-20T17:46:11.526","thread":"main","line":"18","log_level":"ERROR","class_name":"entity.life.Interest;","msg":"com.fasterxml.jackson.databind.exc.MismatchedInputException: Cannot deserialize instance of `entity.life.Interest` out of START_ARRAY token
 at [Source: (File); line: 1, column: 1]
", "caller":"Caller+0	 at entity.life.Interest.getCurrentInterset(Interest.java:18)
"}{"timestamp":"2018-09-20T17:46:11.527","thread":"main","line":"28","log_level":"INFO","class_name":"utils.FileUtls;","msg":"com.fasterxml.jackson.databind.exc.MismatchedInputException: Cannot deserialize instance of `entity.life.Interest` out of START_ARRAY token
 at [Source: (File); line: 1, column: 1]
", "caller":"Caller+0	 at utils.FileUtls.readFile(FileUtls.java:28)
"}{"timestamp":"2018-09-20T17:46:11.529","thread":"main","line":"29","log_level":"ERROR","class_name":"utils.FileUtls;","msg":"com.fasterxml.jackson.databind.exc.MismatchedInputException: Cannot deserialize instance of `entity.life.Interest` out of START_ARRAY token
 at [Source: (File); line: 1, column: 1]
", "caller":"Caller+0	 at utils.FileUtls.readFile(FileUtls.java:29)
"}{"timestamp":"2018-09-20T17:46:11.529","thread":"main","line":"18","log_level":"ERROR","class_name":"entity.life.Interest;","msg":"com.fasterxml.jackson.databind.exc.MismatchedInputException: Cannot deserialize instance of `entity.life.Interest` out of START_ARRAY token
 at [Source: (File); line: 1, column: 1]
", "caller":"Caller+0	 at entity.life.Interest.getCurrentInterset(Interest.java:18)
"}{"timestamp":"2018-09-20T17:46:11.530","thread":"main","line":"28","log_level":"INFO","class_name":"utils.FileUtls;","msg":"com.fasterxml.jackson.databind.exc.MismatchedInputException: Cannot deserialize instance of `entity.life.Interest` out of START_ARRAY token
 at [Source: (File); line: 1, column: 1]
", "caller":"Caller+0	 at utils.FileUtls.readFile(FileUtls.java:28)
"}{"timestamp":"2018-09-20T17:46:11.530","thread":"main","line":"29","log_level":"ERROR","class_name":"utils.FileUtls;","msg":"com.fasterxml.jackson.databind.exc.MismatchedInputException: Cannot deserialize instance of `entity.life.Interest` out of START_ARRAY token
 at [Source: (File); line: 1, column: 1]
", "caller":"Caller+0	 at utils.FileUtls.readFile(FileUtls.java:29)
"}{"timestamp":"2018-09-20T17:46:11.530","thread":"main","line":"18","log_level":"ERROR","class_name":"entity.life.Interest;","msg":"com.fasterxml.jackson.databind.exc.MismatchedInputException: Cannot deserialize instance of `entity.life.Interest` out of START_ARRAY token
 at [Source: (File); line: 1, column: 1]
", "caller":"Caller+0	 at entity.life.Interest.getCurrentInterset(Interest.java:18)
"}{"timestamp":"2018-09-20T17:46:11.531","thread":"main","line":"28","log_level":"INFO","class_name":"utils.FileUtls;","msg":"com.fasterxml.jackson.databind.exc.MismatchedInputException: Cannot deserialize instance of `entity.life.Interest` out of START_ARRAY token
 at [Source: (File); line: 1, column: 1]
", "caller":"Caller+0	 at utils.FileUtls.readFile(FileUtls.java:28)
"}{"timestamp":"2018-09-20T17:46:11.531","thread":"main","line":"29","log_level":"ERROR","class_name":"utils.FileUtls;","msg":"com.fasterxml.jackson.databind.exc.MismatchedInputException: Cannot deserialize instance of `entity.life.Interest` out of START_ARRAY token
 at [Source: (File); line: 1, column: 1]
", "caller":"Caller+0	 at utils.FileUtls.readFile(FileUtls.java:29)
"}{"timestamp":"2018-09-20T17:46:11.531","thread":"main","line":"18","log_level":"ERROR","class_name":"entity.life.Interest;","msg":"com.fasterxml.jackson.databind.exc.MismatchedInputException: Cannot deserialize instance of `entity.life.Interest` out of START_ARRAY token
 at [Source: (File); line: 1, column: 1]
", "caller":"Caller+0	 at entity.life.Interest.getCurrentInterset(Interest.java:18)
"}{"timestamp":"2018-09-20T17:46:24.272","thread":"main","line":"28","log_level":"INFO","class_name":"utils.FileUtls;","msg":"com.fasterxml.jackson.databind.exc.MismatchedInputException: Cannot deserialize instance of `entity.life.Interest` out of START_ARRAY token
 at [Source: (File); line: 1, column: 1]
", "caller":"Caller+0	 at utils.FileUtls.readFile(FileUtls.java:28)
"}{"timestamp":"2018-09-20T17:48:14.324","thread":"main","line":"29","log_level":"ERROR","class_name":"utils.FileUtls;","msg":"com.fasterxml.jackson.databind.exc.MismatchedInputException: Cannot deserialize instance of `entity.life.Interest` out of START_ARRAY token
 at [Source: (File); line: 1, column: 1]
", "caller":"Caller+0	 at utils.FileUtls.readFile(FileUtls.java:29)
"}{"timestamp":"2018-09-20T17:48:14.325","thread":"main","line":"18","log_level":"ERROR","class_name":"entity.life.Interest;","msg":"com.fasterxml.jackson.databind.exc.MismatchedInputException: Cannot deserialize instance of `entity.life.Interest` out of START_ARRAY token
 at [Source: (File); line: 1, column: 1]
", "caller":"Caller+0	 at entity.life.Interest.getCurrentInterset(Interest.java:18)
"}{"timestamp":"2018-09-20T17:48:14.327","thread":"main","line":"28","log_level":"INFO","class_name":"utils.FileUtls;","msg":"com.fasterxml.jackson.databind.exc.MismatchedInputException: Cannot deserialize instance of `entity.life.Interest` out of START_ARRAY token
 at [Source: (File); line: 1, column: 1]
", "caller":"Caller+0	 at utils.FileUtls.readFile(FileUtls.java:28)
"}{"timestamp":"2018-09-20T17:48:14.327","thread":"main","line":"29","log_level":"ERROR","class_name":"utils.FileUtls;","msg":"com.fasterxml.jackson.databind.exc.MismatchedInputException: Cannot deserialize instance of `entity.life.Interest` out of START_ARRAY token
 at [Source: (File); line: 1, column: 1]
", "caller":"Caller+0	 at utils.FileUtls.readFile(FileUtls.java:29)
"}{"timestamp":"2018-09-20T17:48:14.327","thread":"main","line":"18","log_level":"ERROR","class_name":"entity.life.Interest;","msg":"com.fasterxml.jackson.databind.exc.MismatchedInputException: Cannot deserialize instance of `entity.life.Interest` out of START_ARRAY token
 at [Source: (File); line: 1, column: 1]
", "caller":"Caller+0	 at entity.life.Interest.getCurrentInterset(Interest.java:18)
"}{"timestamp":"2018-09-20T17:48:14.328","thread":"main","line":"28","log_level":"INFO","class_name":"utils.FileUtls;","msg":"com.fasterxml.jackson.databind.exc.MismatchedInputException: Cannot deserialize instance of `entity.life.Interest` out of START_ARRAY token
 at [Source: (File); line: 1, column: 1]
", "caller":"Caller+0	 at utils.FileUtls.readFile(FileUtls.java:28)
"}{"timestamp":"2018-09-20T17:48:14.328","thread":"main","line":"29","log_level":"ERROR","class_name":"utils.FileUtls;","msg":"com.fasterxml.jackson.databind.exc.MismatchedInputException: Cannot deserialize instance of `entity.life.Interest` out of START_ARRAY token
 at [Source: (File); line: 1, column: 1]
", "caller":"Caller+0	 at utils.FileUtls.readFile(FileUtls.java:29)
"}{"timestamp":"2018-09-20T17:48:14.329","thread":"main","line":"18","log_level":"ERROR","class_name":"entity.life.Interest;","msg":"com.fasterxml.jackson.databind.exc.MismatchedInputException: Cannot deserialize instance of `entity.life.Interest` out of START_ARRAY token
 at [Source: (File); line: 1, column: 1]
", "caller":"Caller+0	 at entity.life.Interest.getCurrentInterset(Interest.java:18)
"}{"timestamp":"2018-09-20T17:48:14.330","thread":"main","line":"28","log_level":"INFO","class_name":"utils.FileUtls;","msg":"com.fasterxml.jackson.databind.exc.MismatchedInputException: Cannot deserialize instance of `entity.life.Interest` out of START_ARRAY token
 at [Source: (File); line: 1, column: 1]
", "caller":"Caller+0	 at utils.FileUtls.readFile(FileUtls.java:28)
"}{"timestamp":"2018-09-20T17:48:14.330","thread":"main","line":"29","log_level":"ERROR","class_name":"utils.FileUtls;","msg":"com.fasterxml.jackson.databind.exc.MismatchedInputException: Cannot deserialize instance of `entity.life.Interest` out of START_ARRAY token
 at [Source: (File); line: 1, column: 1]
", "caller":"Caller+0	 at utils.FileUtls.readFile(FileUtls.java:29)
"}{"timestamp":"2018-09-20T17:48:14.330","thread":"main","line":"18","log_level":"ERROR","class_name":"entity.life.Interest;","msg":"com.fasterxml.jackson.databind.exc.MismatchedInputException: Cannot deserialize instance of `entity.life.Interest` out of START_ARRAY token
 at [Source: (File); line: 1, column: 1]
", "caller":"Caller+0	 at entity.life.Interest.getCurrentInterset(Interest.java:18)
"}{"timestamp":"2018-09-20T17:48:14.331","thread":"main","line":"28","log_level":"INFO","class_name":"utils.FileUtls;","msg":"com.fasterxml.jackson.databind.exc.MismatchedInputException: Cannot deserialize instance of `entity.life.Interest` out of START_ARRAY token
 at [Source: (File); line: 1, column: 1]
", "caller":"Caller+0	 at utils.FileUtls.readFile(FileUtls.java:28)
"}{"timestamp":"2018-09-20T17:48:14.333","thread":"main","line":"29","log_level":"ERROR","class_name":"utils.FileUtls;","msg":"com.fasterxml.jackson.databind.exc.MismatchedInputException: Cannot deserialize instance of `entity.life.Interest` out of START_ARRAY token
 at [Source: (File); line: 1, column: 1]
", "caller":"Caller+0	 at utils.FileUtls.readFile(FileUtls.java:29)
"}{"timestamp":"2018-09-20T17:48:14.333","thread":"main","line":"18","log_level":"ERROR","class_name":"entity.life.Interest;","msg":"com.fasterxml.jackson.databind.exc.MismatchedInputException: Cannot deserialize instance of `entity.life.Interest` out of START_ARRAY token
 at [Source: (File); line: 1, column: 1]
", "caller":"Caller+0	 at entity.life.Interest.getCurrentInterset(Interest.java:18)
"}{"timestamp":"2018-09-20T17:48:14.334","thread":"main","line":"28","log_level":"INFO","class_name":"utils.FileUtls;","msg":"com.fasterxml.jackson.databind.exc.MismatchedInputException: Cannot deserialize instance of `entity.life.Interest` out of START_ARRAY token
 at [Source: (File); line: 1, column: 1]
", "caller":"Caller+0	 at utils.FileUtls.readFile(FileUtls.java:28)
"}{"timestamp":"2018-09-20T17:48:14.334","thread":"main","line":"29","log_level":"ERROR","class_name":"utils.FileUtls;","msg":"com.fasterxml.jackson.databind.exc.MismatchedInputException: Cannot deserialize instance of `entity.life.Interest` out of START_ARRAY token
 at [Source: (File); line: 1, column: 1]
", "caller":"Caller+0	 at utils.FileUtls.readFile(FileUtls.java:29)
"}{"timestamp":"2018-09-20T17:48:14.334","thread":"main","line":"18","log_level":"ERROR","class_name":"entity.life.Interest;","msg":"com.fasterxml.jackson.databind.exc.MismatchedInputException: Cannot deserialize instance of `entity.life.Interest` out of START_ARRAY token
 at [Source: (File); line: 1, column: 1]
", "caller":"Caller+0	 at entity.life.Interest.getCurrentInterset(Interest.java:18)
"}